[bridge] HTTP server on port 3001
[bridge] rehydrated inbox — 0 chat(s) restored from KB
▄▄▄▄▄▄▄▄▄▄▄▄▄▄▄▄▄▄▄▄▄▄▄▄▄▄▄▄▄▄▄▄▄▄▄▄▄▄▄▄▄▄▄▄▄▄▄▄▄▄▄▄▄▄▄▄▄▄▄
█ ▄▄▄▄▄ █▀▄▀▄▀▀█  ▀█▄▄ ██  ▄█▀▄▄    ▀▄▄▄█▀▄▄▀▄█▄ ██ ▄▄▄▄▄ █
█ █   █ █▄█ ▀▀ ▄█▄██▀███████▄▄ ▄▄▄▀ █▄█ █▄█▄██▀▄ ██ █   █ █
█ █▄▄▄█ █  █ ▀▀▀██▄▄▀█  ▀▄  ▄▄▄ ██ ▀▀  ▄▀█  █  ▀▄██ █▄▄▄█ █
█▄▄▄▄▄▄▄█ ▀▄▀ ▀ ▀ █▄▀ █ ▀▄█ █▄█ ▀▄█▄█ ▀▄█▄▀▄█ █ █ █▄▄▄▄▄▄▄█
█ ▄▀▄█▀▄ █▀█▀▀▄▀▄██▄ ▄ ▄▀█ ▄  ▄▄██ ▄▄▄██▀ ██▄▀██▄██▄▄▄▀▄▄▀█
█▄▄█▀█▄▄▄ ▄█ ▄▀██▄▀▄▄▄   █▀▀██▀ ▄▄▀▄ ▄  ▀▀█▀▀▄   █ ▀ ▀▀██▄█
█▄▀▄ ▄ ▄  █ ▄ ▄██▀█▄▄█ ▀▄█▄█▄▄█▀  █▀  ▀██▄ ▄▄ ▄▀██ █▄▄▀▄███
██▄ ▀ █▄ ▄▄  ▀▄█▀ ▀▄██▄   █▄▀▄ ▄ ▀█▄▄▀█▄  ▀██▄███▀▀▄ ▄██ ▀█
█▀████▀▄█▀ █▀██ ▄█▀ █▀▄█▀▄     ██  █  ▄ ▄▀ ▄█ ▄█▀▄█▀▄▀▀█▄ █
█▄██ █▀▄▀█▄▄██▀▄ ▀█   ▀    ▄▄█▀▄▄▀▄▀▀█▀ ██▀█▀▀▄█▄▀█ ▄▀▄█▄ █
█▄█ ▀█▀▄█▄▀▀▄▄███ ▀  █  ▄ ▄ ▀▄▀█▀▀███ ▄▄▄▄▄▄▀██▄▀███▄▄▄█▄▀█
█ █▄▄▀█▄▀▄█ ▄▄  █ ▀▄▀ █▄▀▀▄██▄ █▀ █ ▄▄  █  █▄ ▀▀█▄ ██ ▀▄▄▄█
███ █▄█▄▀ ▀ ▀▀███ ▀ ██ ▄▄▄█▄ ▄▄▄▄▀▀ ▄  ██ ▄▄▄ █ ██▀▄▄▄ ▄▄▀█
█ ▀▀█ ▄▄▄ █▄▄ ▀██▄▀▀▄▀█▄▄ ▄ ▄▄▄ ▄ ▄▀ ▄▄▄▀ ▀▄▄▄  ▀ ▄▄▄  ▄▀██
█▀  ▄ █▄█ ▀█ ▀  █▄▄█▄▀██▄█  █▄█ █ ▄█▄▄█ ▄▀▀█▀ ██▀ █▄█ ▄█ ▀█
█▀█▄█▄ ▄▄  ███▀█▄  ▄█ ▄  ▄▄▄▄▄▄ ████▀ █▄▀▄▄█ ▀▀▀█▄▄▄▄ ██ ▄█
█ ▀ █▀█▄█ █▀▄▄ █▄▄█ ██ ▄▀█ ██▄▄▄ █ ▄▄ ▄██ ▄▄▄█▀█▄▀▄ ▄▄ █▄▀█
█▀█   █▄ ▀██▀ █▀▄██▀█ ▀▄█ ▀█▄█▀▄▀▀█▄██▄  ▀▄█▄▄▀▄▄ ▄▄▄█ ▄▀ █
██▄▄▀█ ▄▀▀█▀▄ ▀▄  ▄▄▀ ▄  ▄█     ▄▄▄  ▄▀▄▄ ▄█▄ █▀█   ▀▀ █▄ █
█ ▀▄▀█ ▄█▀██▀██▀ ▄▄▀█ ▀ ▀▄   ▄▄ █▄▀▄ ▀▀ ████▀█ █▄█▀▀▀█▄▄ ▄█
█▀ █ ██▄▄ ▄▀▀▄▄ ██▄ ▀▀ ▀▀▄ ▄██  ▄  █ ▄█ ▄▀ ▄█ ████ ▀███▄  █
█▄▄ ▄  ▄▄▄▀█▀ ▀ ▄▀█▄▄  █  ▀ ▀▀▄ █ ▀▄▄ █  ▀▀█▄▄▀▀ ▀▄  ▄▄▄▄▄█
█ ▄  ██▄  █▄ ▀ ▀ █▄▄▄█ ███  █▄▀ ▄▀▄█ ▄▄▄  ▄█ ▀▄▄▄▄█ ▄▄██▀██
█ ▀ ▀▀▄▄▀▀█▄ ▀█  ▀▄▄▀▄  █▀▀█ ▄ ▄▀ ▄ █ ▀█▄▀█ ▄ ▄▀ ▄█ █ ▀▄█ █
███████▄▄▀ █ ▄█ █▀▄▄▀██▄ █  ▄▄▄ ▄▄█    ██▄▄▄▄  ▀█ ▄▄▄ ▀ ███
█ ▄▄▄▄▄ █▄▄ ██▀▀▀▄▀ ▀▀ ▄█▄▀ █▄█ ▀▄█▀ ▀▀▄▄▀▄█▄█ █▀ █▄█ █▄▄▀█
█ █   █ █▀█▄▀████▀  ▀ ▄█▀ █▄▄   ▀▄██▄ █▀▀▀▄██▄▀█▀ ▄  ▄▀▀ ▀█
█ █▄▄▄█ █▀▄▀█▀█▄███▀▄▄▄▀█▀█▀▄ █▀█▄▄█▄▄   █▄▀▀ ▄█▄ ▀▄▄ ▄▄█▄█
█▄▄▄▄▄▄▄█▄███▄█▄▄██▄▄█▄▄▄▄▄███▄▄▄▄███▄▄█▄▄█▄███▄███▄██▄▄▄██

[bridge] QR ready — scan with WhatsApp
[bridge] Authenticated
[bridge] Authenticated
[bridge] Authenticated
[bridge] Authenticated
[bridge] Authenticated
[bridge] Ready — MAROUAN (212705275860)
[bridge] Inbound from 198720268320792 (198720268320792): ""
[bridge] Sent → 198720268320792 (198720268320792@lid)  [1/40]  "."
[bridge] Twin disabled for 198720268320792
[sync] Importing 4 selected chat(s) of 4 requested…
[sync] DeltaPhi✨ — ✓ 18 msgs → job #2
[sync] Baka — ✓ 7 msgs → job #3
[sync] Abdo — ✓ 25 msgs → job #4
[sync] Mohamed Casa — ✓ 50 msgs → job #5
[sync] Done — 4 uploaded, 0 empty, 0 failed
[bridge] Authenticated
[bridge] Ready — MAROUAN (212705275860)
[bridge] backend notify failed (connected): request to http://localhost:8000/api/whatsapp/connected failed, reason: connect ECONNREFUSED 127.0.0.1:8000
[bridge] Inbound from Mouad (199183470432290): "nadi llah y3tik s7a"
[bridge] backend notify failed (inbound): request to http://localhost:8000/api/whatsapp/inbound failed, reason: connect ECONNREFUSED 127.0.0.1:8000
[bridge] Inbound from Mouad (199183470432290): "iwa daba safi 7bas 9adina bima fih lkifaya abach nwriwhom nh"
[bridge] backend notify failed (inbound): request to http://localhost:8000/api/whatsapp/inbound failed, reason: connect ECONNREFUSED 127.0.0.1:8000
[bridge] Inbound from Mouad (199183470432290): "3afak ima 39al 3la l7wayj li tzado"
[bridge] backend notify failed (inbound): request to http://localhost:8000/api/whatsapp/inbound failed, reason: connect ECONNREFUSED 127.0.0.1:8000
[bridge] Inbound from Mouad (199183470432290): ""
[bridge] backend notify failed (inbound): request to http://localhost:8000/api/whatsapp/inbound failed, reason: connect ECONNREFUSED 127.0.0.1:8000
[bridge] Inbound from Mouad (199183470432290): ""
[bridge] backend notify failed (inbound): request to http://localhost:8000/api/whatsapp/inbound failed, reason: connect ECONNREFUSED 127.0.0.1:8000
[bridge] Inbound from Mouad (199183470432290): ""
[bridge] backend notify failed (inbound): request to http://localhost:8000/api/whatsapp/inbound failed, reason: connect ECONNREFUSED 127.0.0.1:8000
[bridge] Inbound from Mouad (199183470432290): "yes li hiya aham 7aja hiya li khdat lwa9t bzf siaman dyal lk"
[bridge] backend notify failed (inbound): request to http://localhost:8000/api/whatsapp/inbound failed, reason: connect ECONNREFUSED 127.0.0.1:8000
[bridge] Inbound from Mouad (199183470432290): "machi simana wlkn lmohim"
[bridge] backend notify failed (inbound): request to http://localhost:8000/api/whatsapp/inbound failed, reason: connect ECONNREFUSED 127.0.0.1:8000
[bridge] Inbound from Mouad (199183470432290): ""
[bridge] backend notify failed (inbound): request to http://localhost:8000/api/whatsapp/inbound failed, reason: connect ECONNREFUSED 127.0.0.1:8000
[bridge] Inbound from Mouad (199183470432290): ""
[bridge] backend notify failed (inbound): request to http://localhost:8000/api/whatsapp/inbound failed, reason: connect ECONNREFUSED 127.0.0.1:8000
[bridge] Inbound from Mouad (199183470432290): "safi thdan"
[bridge] backend notify failed (inbound): request to http://localhost:8000/api/whatsapp/inbound failed, reason: connect ECONNREFUSED 127.0.0.1:8000
[bridge] Inbound from Aymane (160271100293227): "Hhhh la3gaz w maydir"
[bridge] backend notify failed (inbound): request to http://localhost:8000/api/whatsapp/inbound failed, reason: connect ECONNREFUSED 127.0.0.1:8000
